c:\users\zurnmar\documents\2_sw_devops\software_last\software package\ntcm_app\build\mvs\ntcm_mvs\run_ntcm_g\x64\release\vc143.pdb
c:\users\zurnmar\documents\2_sw_devops\software_last\software package\ntcm_app\build\mvs\ntcm_mvs\run_ntcm_g\x64\release\run_ntcm_main.obj
c:\users\zurnmar\documents\2_sw_devops\software_last\software package\ntcm_app\build\mvs\ntcm_mvs\run_ntcm_g\x64\release\rt_roundd.obj
c:\users\zurnmar\documents\2_sw_devops\software_last\software package\ntcm_app\build\mvs\ntcm_mvs\run_ntcm_g\x64\release\ntcm_g.obj
c:\users\zurnmar\documents\2_sw_devops\software_last\software package\ntcm_app\build\mvs\ntcm_mvs\run_ntcm_g\x64\release\set_ntcm_g.obj
c:\users\zurnmar\documents\2_sw_devops\software_last\software package\ntcm_app\build\mvs\ntcm_mvs\run_ntcm_g\x64\release\readwrite.obj
c:\users\zurnmar\documents\2_sw_devops\software_last\software package\ntcm_app\build\mvs\ntcm_mvs\x64\release\run_ntcm_g.exe
c:\users\zurnmar\documents\2_sw_devops\software_last\software package\ntcm_app\build\mvs\ntcm_mvs\run_ntcm_g\x64\release\run_ntcm_g.ipdb
c:\users\zurnmar\documents\2_sw_devops\software_last\software package\ntcm_app\build\mvs\ntcm_mvs\x64\release\run_ntcm_g.pdb
c:\users\zurnmar\documents\2_sw_devops\software_last\software package\ntcm_app\build\mvs\ntcm_mvs\run_ntcm_g\x64\release\run_ntcm_g.iobj
c:\users\zurnmar\documents\2_sw_devops\software_last\software_pkg_12_09_release_test\ntcm_app\build\mvs\ntcm_mvs\run_ntcm_g\x64\release\ntcm_g.obj
c:\users\zurnmar\documents\2_sw_devops\software_last\software_pkg_12_09_release_test\ntcm_app\build\mvs\ntcm_mvs\run_ntcm_g\x64\release\readwrite.obj
c:\users\zurnmar\documents\2_sw_devops\software_last\software_pkg_12_09_release_test\ntcm_app\build\mvs\ntcm_mvs\run_ntcm_g\x64\release\rt_roundd.obj
c:\users\zurnmar\documents\2_sw_devops\software_last\software_pkg_12_09_release_test\ntcm_app\build\mvs\ntcm_mvs\run_ntcm_g\x64\release\run_ntcm_main.obj
c:\users\zurnmar\documents\2_sw_devops\software_last\software_pkg_12_09_release_test\ntcm_app\build\mvs\ntcm_mvs\run_ntcm_g\x64\release\set_ntcm_g.obj
c:\users\zurnmar\documents\2_sw_devops\software_last\software_pkg_12_09_release_test\ntcm_app\build\mvs\ntcm_mvs\run_ntcm_g\x64\release\run_ntcm_g.ipdb
c:\users\zurnmar\documents\2_sw_devops\software_last\software_pkg_12_09_release_test\ntcm_app\build\mvs\ntcm_mvs\run_ntcm_g\x64\release\run_ntcm_g.iobj
c:\users\zurnmar\documents\2_sw_devops\software_last\software_pkg_12_09_release_test\ntcm_app\build\mvs\ntcm_mvs\run_ntcm_g\x64\release\vc143.pdb
c:\users\zurnmar\documents\2_sw_devops\software_last\software_pkg_12_09_release_test\ntcm_app\build\mvs\ntcm_mvs\x64\release\run_ntcm_g.exe
c:\users\zurnmar\documents\2_sw_devops\software_last\software_pkg_12_09_release_test\ntcm_app\build\mvs\ntcm_mvs\run_ntcm_g\x64\release\run_ntcm_g.tlog\cl.command.1.tlog
c:\users\zurnmar\documents\2_sw_devops\software_last\software_pkg_12_09_release_test\ntcm_app\build\mvs\ntcm_mvs\run_ntcm_g\x64\release\run_ntcm_g.tlog\cl.read.1.tlog
c:\users\zurnmar\documents\2_sw_devops\software_last\software_pkg_12_09_release_test\ntcm_app\build\mvs\ntcm_mvs\run_ntcm_g\x64\release\run_ntcm_g.tlog\cl.write.1.tlog
c:\users\zurnmar\documents\2_sw_devops\software_last\software_pkg_12_09_release_test\ntcm_app\build\mvs\ntcm_mvs\run_ntcm_g\x64\release\run_ntcm_g.tlog\link.command.1.tlog
c:\users\zurnmar\documents\2_sw_devops\software_last\software_pkg_12_09_release_test\ntcm_app\build\mvs\ntcm_mvs\run_ntcm_g\x64\release\run_ntcm_g.tlog\link.read.1.tlog
c:\users\zurnmar\documents\2_sw_devops\software_last\software_pkg_12_09_release_test\ntcm_app\build\mvs\ntcm_mvs\run_ntcm_g\x64\release\run_ntcm_g.tlog\link.write.1.tlog
