  ReadWrite.c
C:\Users\zurnmar\Documents\2_SW_Devops\Software_Last\Software_pkg_12_09_release_test\NTCM_src\src\aux_fun\ReadWrite.c(182,32): warning C4244: '=': conversion from 'double' to 'int', possible loss of data
C:\Users\zurnmar\Documents\2_SW_Devops\Software_Last\Software_pkg_12_09_release_test\NTCM_src\src\aux_fun\ReadWrite.c(74,8): warning C4101: 'buff_1': unreferenced local variable
C:\Users\zurnmar\Documents\2_SW_Devops\Software_Last\Software_pkg_12_09_release_test\NTCM_src\src\aux_fun\ReadWrite.c(73,33): warning C4101: 'format_c': unreferenced local variable
C:\Users\zurnmar\Documents\2_SW_Devops\Software_Last\Software_pkg_12_09_release_test\NTCM_src\src\aux_fun\ReadWrite.c(75,11): warning C4101: 'buff_2': unreferenced local variable
C:\Users\zurnmar\Documents\2_SW_Devops\Software_Last\Software_pkg_12_09_release_test\NTCM_src\src\aux_fun\ReadWrite.c(335,19): warning C4473: 'fprintf' : not enough arguments passed for format string
C:\Users\zurnmar\Documents\2_SW_Devops\Software_Last\Software_pkg_12_09_release_test\NTCM_src\src\aux_fun\ReadWrite.c(335,19): message : placeholders and their parameters expect 2 variadic arguments, but 1 were provided
C:\Users\zurnmar\Documents\2_SW_Devops\Software_Last\Software_pkg_12_09_release_test\NTCM_src\src\aux_fun\ReadWrite.c(335,19): message : the missing variadic argument 2 is required by format string '%c'
C:\Users\zurnmar\Documents\2_SW_Devops\Software_Last\Software_pkg_12_09_release_test\NTCM_src\src\aux_fun\ReadWrite.c(257,7): warning C4101: 'buff_2': unreferenced local variable
  set_NTCM_G.c
  NTCM_G.c
  rt_roundd.c
  run_NTCM_main.c
C:\Users\zurnmar\Documents\2_SW_Devops\Software_Last\Software_pkg_12_09_release_test\NTCM_src\src\run_NTCM_main.c(145,18): warning C4244: '=': conversion from 'double' to 'int', possible loss of data
C:\Users\zurnmar\Documents\2_SW_Devops\Software_Last\Software_pkg_12_09_release_test\NTCM_src\src\run_NTCM_main.c(152,16): warning C4244: '=': conversion from 'double' to 'int', possible loss of data
C:\Users\zurnmar\Documents\2_SW_Devops\Software_Last\Software_pkg_12_09_release_test\NTCM_src\src\run_NTCM_main.c(169,41): warning C4090: 'function': different 'const' qualifiers
C:\Users\zurnmar\Documents\2_SW_Devops\Software_Last\Software_pkg_12_09_release_test\NTCM_src\src\run_NTCM_main.c(189,23): warning C4090: 'function': different 'const' qualifiers
C:\Users\zurnmar\Documents\2_SW_Devops\Software_Last\Software_pkg_12_09_release_test\NTCM_src\src\run_NTCM_main.c(393,34): warning C4090: 'function': different 'const' qualifiers
  Generating code
  Previous IPDB not found, fall back to full compilation.
  All 15 functions were compiled because no usable IPDB/IOBJ from previous compilation was found.
  Finished generating code
  run_NTCM_G.vcxproj -> C:\Users\zurnmar\Documents\2_SW_Devops\Software_Last\Software_pkg_12_09_release_test\NTCM_app\build\mvs\NTCM_mvs\x64\Release\run_NTCM_G.exe
