c:\users\zurnmar\documents\2_sw_devops\software_last\software package\ntcm_app\build\mvs\ntcm_mvs\ntcm_check\x64\release\vc143.pdb
c:\users\zurnmar\documents\2_sw_devops\software_last\software package\ntcm_app\build\mvs\ntcm_mvs\ntcm_check\x64\release\run_ntcm_main.obj
c:\users\zurnmar\documents\2_sw_devops\software_last\software package\ntcm_app\build\mvs\ntcm_mvs\ntcm_check\x64\release\rt_roundd.obj
c:\users\zurnmar\documents\2_sw_devops\software_last\software package\ntcm_app\build\mvs\ntcm_mvs\ntcm_check\x64\release\ntcm_procedure_core.obj
c:\users\zurnmar\documents\2_sw_devops\software_last\software package\ntcm_app\build\mvs\ntcm_mvs\ntcm_check\x64\release\ntcm_procedure.obj
c:\users\zurnmar\documents\2_sw_devops\software_last\software package\ntcm_app\build\mvs\ntcm_mvs\ntcm_check\x64\release\ntcm_g.obj
c:\users\zurnmar\documents\2_sw_devops\software_last\software package\ntcm_app\build\mvs\ntcm_mvs\ntcm_check\x64\release\llh2xyz_sat.obj
c:\users\zurnmar\documents\2_sw_devops\software_last\software package\ntcm_app\build\mvs\ntcm_mvs\ntcm_check\x64\release\llh2xyz_rec.obj
c:\users\zurnmar\documents\2_sw_devops\software_last\software package\ntcm_app\build\mvs\ntcm_mvs\ntcm_check\x64\release\llh2xyz.obj
c:\users\zurnmar\documents\2_sw_devops\software_last\software package\ntcm_app\build\mvs\ntcm_mvs\ntcm_check\x64\release\getionopiercepoint.obj
c:\users\zurnmar\documents\2_sw_devops\software_last\software package\ntcm_app\build\mvs\ntcm_mvs\ntcm_check\x64\release\errormng.obj
c:\users\zurnmar\documents\2_sw_devops\software_last\software package\ntcm_app\build\mvs\ntcm_mvs\ntcm_check\x64\release\elevetioncheck.obj
c:\users\zurnmar\documents\2_sw_devops\software_last\software package\ntcm_app\build\mvs\ntcm_mvs\ntcm_check\x64\release\compute_stec.obj
c:\users\zurnmar\documents\2_sw_devops\software_last\software package\ntcm_app\build\mvs\ntcm_mvs\ntcm_check\x64\release\compute_ionodelay.obj
c:\users\zurnmar\documents\2_sw_devops\software_last\software package\ntcm_app\build\mvs\ntcm_mvs\ntcm_check\x64\release\computelocaltime.obj
c:\users\zurnmar\documents\2_sw_devops\software_last\software package\ntcm_app\build\mvs\ntcm_mvs\ntcm_check\x64\release\computedoa.obj
c:\users\zurnmar\documents\2_sw_devops\software_last\software package\ntcm_app\build\mvs\ntcm_mvs\ntcm_check\x64\release\chekinput.obj
c:\users\zurnmar\documents\2_sw_devops\software_last\software package\ntcm_app\build\mvs\ntcm_mvs\ntcm_check\x64\release\checkoutput.obj
c:\users\zurnmar\documents\2_sw_devops\software_last\software package\ntcm_app\build\mvs\ntcm_mvs\ntcm_check\x64\release\check.obj
c:\users\zurnmar\documents\2_sw_devops\software_last\software package\ntcm_app\build\mvs\ntcm_mvs\ntcm_check\x64\release\readwrite.obj
c:\users\zurnmar\documents\2_sw_devops\software_last\software package\ntcm_app\build\mvs\ntcm_mvs\x64\release\ntcm_check.exe
c:\users\zurnmar\documents\2_sw_devops\software_last\software package\ntcm_app\build\mvs\ntcm_mvs\ntcm_check\x64\release\ntcm_check.ipdb
c:\users\zurnmar\documents\2_sw_devops\software_last\software package\ntcm_app\build\mvs\ntcm_mvs\x64\release\ntcm_check.pdb
c:\users\zurnmar\documents\2_sw_devops\software_last\software package\ntcm_app\build\mvs\ntcm_mvs\ntcm_check\x64\release\ntcm_check.iobj
c:\users\zurnmar\documents\2_sw_devops\software_last\software_pkg_12_09_release_test\ntcm_app\build\mvs\ntcm_mvs\ntcm_check\x64\release\check.obj
c:\users\zurnmar\documents\2_sw_devops\software_last\software_pkg_12_09_release_test\ntcm_app\build\mvs\ntcm_mvs\ntcm_check\x64\release\checkoutput.obj
c:\users\zurnmar\documents\2_sw_devops\software_last\software_pkg_12_09_release_test\ntcm_app\build\mvs\ntcm_mvs\ntcm_check\x64\release\chekinput.obj
c:\users\zurnmar\documents\2_sw_devops\software_last\software_pkg_12_09_release_test\ntcm_app\build\mvs\ntcm_mvs\ntcm_check\x64\release\computedoa.obj
c:\users\zurnmar\documents\2_sw_devops\software_last\software_pkg_12_09_release_test\ntcm_app\build\mvs\ntcm_mvs\ntcm_check\x64\release\computelocaltime.obj
c:\users\zurnmar\documents\2_sw_devops\software_last\software_pkg_12_09_release_test\ntcm_app\build\mvs\ntcm_mvs\ntcm_check\x64\release\compute_ionodelay.obj
c:\users\zurnmar\documents\2_sw_devops\software_last\software_pkg_12_09_release_test\ntcm_app\build\mvs\ntcm_mvs\ntcm_check\x64\release\compute_stec.obj
c:\users\zurnmar\documents\2_sw_devops\software_last\software_pkg_12_09_release_test\ntcm_app\build\mvs\ntcm_mvs\ntcm_check\x64\release\elevetioncheck.obj
c:\users\zurnmar\documents\2_sw_devops\software_last\software_pkg_12_09_release_test\ntcm_app\build\mvs\ntcm_mvs\ntcm_check\x64\release\errormng.obj
c:\users\zurnmar\documents\2_sw_devops\software_last\software_pkg_12_09_release_test\ntcm_app\build\mvs\ntcm_mvs\ntcm_check\x64\release\getionopiercepoint.obj
c:\users\zurnmar\documents\2_sw_devops\software_last\software_pkg_12_09_release_test\ntcm_app\build\mvs\ntcm_mvs\ntcm_check\x64\release\llh2xyz.obj
c:\users\zurnmar\documents\2_sw_devops\software_last\software_pkg_12_09_release_test\ntcm_app\build\mvs\ntcm_mvs\ntcm_check\x64\release\llh2xyz_rec.obj
c:\users\zurnmar\documents\2_sw_devops\software_last\software_pkg_12_09_release_test\ntcm_app\build\mvs\ntcm_mvs\ntcm_check\x64\release\llh2xyz_sat.obj
c:\users\zurnmar\documents\2_sw_devops\software_last\software_pkg_12_09_release_test\ntcm_app\build\mvs\ntcm_mvs\ntcm_check\x64\release\ntcm_g.obj
c:\users\zurnmar\documents\2_sw_devops\software_last\software_pkg_12_09_release_test\ntcm_app\build\mvs\ntcm_mvs\ntcm_check\x64\release\ntcm_procedure.obj
c:\users\zurnmar\documents\2_sw_devops\software_last\software_pkg_12_09_release_test\ntcm_app\build\mvs\ntcm_mvs\ntcm_check\x64\release\ntcm_procedure_core.obj
c:\users\zurnmar\documents\2_sw_devops\software_last\software_pkg_12_09_release_test\ntcm_app\build\mvs\ntcm_mvs\ntcm_check\x64\release\readwrite.obj
c:\users\zurnmar\documents\2_sw_devops\software_last\software_pkg_12_09_release_test\ntcm_app\build\mvs\ntcm_mvs\ntcm_check\x64\release\rt_roundd.obj
c:\users\zurnmar\documents\2_sw_devops\software_last\software_pkg_12_09_release_test\ntcm_app\build\mvs\ntcm_mvs\ntcm_check\x64\release\run_ntcm_main.obj
c:\users\zurnmar\documents\2_sw_devops\software_last\software_pkg_12_09_release_test\ntcm_app\build\mvs\ntcm_mvs\ntcm_check\x64\release\ntcm_check.ipdb
c:\users\zurnmar\documents\2_sw_devops\software_last\software_pkg_12_09_release_test\ntcm_app\build\mvs\ntcm_mvs\ntcm_check\x64\release\ntcm_check.iobj
c:\users\zurnmar\documents\2_sw_devops\software_last\software_pkg_12_09_release_test\ntcm_app\build\mvs\ntcm_mvs\ntcm_check\x64\release\vc143.pdb
c:\users\zurnmar\documents\2_sw_devops\software_last\software_pkg_12_09_release_test\ntcm_app\build\mvs\ntcm_mvs\x64\release\ntcm_check.exe
c:\users\zurnmar\documents\2_sw_devops\software_last\software_pkg_12_09_release_test\ntcm_app\build\mvs\ntcm_mvs\ntcm_check\x64\release\ntcm_check.tlog\cl.command.1.tlog
c:\users\zurnmar\documents\2_sw_devops\software_last\software_pkg_12_09_release_test\ntcm_app\build\mvs\ntcm_mvs\ntcm_check\x64\release\ntcm_check.tlog\cl.read.1.tlog
c:\users\zurnmar\documents\2_sw_devops\software_last\software_pkg_12_09_release_test\ntcm_app\build\mvs\ntcm_mvs\ntcm_check\x64\release\ntcm_check.tlog\cl.write.1.tlog
c:\users\zurnmar\documents\2_sw_devops\software_last\software_pkg_12_09_release_test\ntcm_app\build\mvs\ntcm_mvs\ntcm_check\x64\release\ntcm_check.tlog\link.command.1.tlog
c:\users\zurnmar\documents\2_sw_devops\software_last\software_pkg_12_09_release_test\ntcm_app\build\mvs\ntcm_mvs\ntcm_check\x64\release\ntcm_check.tlog\link.read.1.tlog
c:\users\zurnmar\documents\2_sw_devops\software_last\software_pkg_12_09_release_test\ntcm_app\build\mvs\ntcm_mvs\ntcm_check\x64\release\ntcm_check.tlog\link.write.1.tlog
