c:\users\zurnmar\documents\2_sw_devops\prova+21042022\ntcm_app\build\mvs\ntcm_mvs\ntcm_g_check\x64\debug\vc143.pdb
c:\users\zurnmar\documents\2_sw_devops\prova+21042022\ntcm_app\build\mvs\ntcm_mvs\ntcm_g_check\x64\debug\vc143.idb
c:\users\zurnmar\documents\2_sw_devops\prova+21042022\ntcm_app\build\mvs\ntcm_mvs\ntcm_g_check\x64\debug\run_ntcm_main.obj
c:\users\zurnmar\documents\2_sw_devops\prova+21042022\ntcm_app\build\mvs\ntcm_mvs\ntcm_g_check\x64\debug\rt_roundd.obj
c:\users\zurnmar\documents\2_sw_devops\prova+21042022\ntcm_app\build\mvs\ntcm_mvs\ntcm_g_check\x64\debug\ntcm_g.obj
c:\users\zurnmar\documents\2_sw_devops\prova+21042022\ntcm_app\build\mvs\ntcm_mvs\ntcm_g_check\x64\debug\set_ntcm_g.obj
c:\users\zurnmar\documents\2_sw_devops\prova+21042022\ntcm_app\build\mvs\ntcm_mvs\ntcm_g_check\x64\debug\readwrite.obj
c:\users\zurnmar\documents\2_sw_devops\prova+21042022\ntcm_app\build\mvs\ntcm_mvs\ntcm_g_check\x64\debug\ntcm_g_check.ilk
c:\users\zurnmar\documents\2_sw_devops\prova+21042022\ntcm_app\build\mvs\ntcm_mvs\x64\debug\ntcm_g_check.exe
c:\users\zurnmar\documents\2_sw_devops\prova+21042022\ntcm_app\build\mvs\ntcm_mvs\x64\debug\ntcm_g_check.pdb
c:\users\zurnmar\documents\2_sw_devops\provafinalentcm\software_package\software_package\ntcm_app\build\mvs\ntcm_mvs\ntcm_g_check\x64\debug\ntcm_g.obj
c:\users\zurnmar\documents\2_sw_devops\provafinalentcm\software_package\software_package\ntcm_app\build\mvs\ntcm_mvs\ntcm_g_check\x64\debug\readwrite.obj
c:\users\zurnmar\documents\2_sw_devops\provafinalentcm\software_package\software_package\ntcm_app\build\mvs\ntcm_mvs\ntcm_g_check\x64\debug\rt_roundd.obj
c:\users\zurnmar\documents\2_sw_devops\provafinalentcm\software_package\software_package\ntcm_app\build\mvs\ntcm_mvs\ntcm_g_check\x64\debug\run_ntcm_main.obj
c:\users\zurnmar\documents\2_sw_devops\provafinalentcm\software_package\software_package\ntcm_app\build\mvs\ntcm_mvs\ntcm_g_check\x64\debug\set_ntcm_g.obj
c:\users\zurnmar\documents\2_sw_devops\provafinalentcm\software_package\software_package\ntcm_app\build\mvs\ntcm_mvs\ntcm_g_check\x64\debug\ntcm_g_check.ilk
c:\users\zurnmar\documents\2_sw_devops\provafinalentcm\software_package\software_package\ntcm_app\build\mvs\ntcm_mvs\ntcm_g_check\x64\debug\vc143.idb
c:\users\zurnmar\documents\2_sw_devops\provafinalentcm\software_package\software_package\ntcm_app\build\mvs\ntcm_mvs\ntcm_g_check\x64\debug\vc143.pdb
c:\users\zurnmar\documents\2_sw_devops\provafinalentcm\software_package\software_package\ntcm_app\build\mvs\ntcm_mvs\x64\debug\ntcm_g_check.pdb
c:\users\zurnmar\documents\2_sw_devops\provafinalentcm\software_package\software_package\ntcm_app\build\mvs\ntcm_mvs\x64\debug\ntcm_g_check.exe
c:\users\zurnmar\documents\2_sw_devops\provafinalentcm\software_package\software_package\ntcm_app\build\mvs\ntcm_mvs\ntcm_g_check\x64\debug\ntcm_g_check.tlog\cl.command.1.tlog
c:\users\zurnmar\documents\2_sw_devops\provafinalentcm\software_package\software_package\ntcm_app\build\mvs\ntcm_mvs\ntcm_g_check\x64\debug\ntcm_g_check.tlog\cl.read.1.tlog
c:\users\zurnmar\documents\2_sw_devops\provafinalentcm\software_package\software_package\ntcm_app\build\mvs\ntcm_mvs\ntcm_g_check\x64\debug\ntcm_g_check.tlog\cl.write.1.tlog
c:\users\zurnmar\documents\2_sw_devops\provafinalentcm\software_package\software_package\ntcm_app\build\mvs\ntcm_mvs\ntcm_g_check\x64\debug\ntcm_g_check.tlog\link.command.1.tlog
c:\users\zurnmar\documents\2_sw_devops\provafinalentcm\software_package\software_package\ntcm_app\build\mvs\ntcm_mvs\ntcm_g_check\x64\debug\ntcm_g_check.tlog\link.read.1.tlog
c:\users\zurnmar\documents\2_sw_devops\provafinalentcm\software_package\software_package\ntcm_app\build\mvs\ntcm_mvs\ntcm_g_check\x64\debug\ntcm_g_check.tlog\link.write.1.tlog
