c:\users\zurnmar\documents\2_sw_devops\software_last\software package\ntcm_app\build\mvs\ntcm_mvs\ntcm_g_check\x64\release\vc143.pdb
c:\users\zurnmar\documents\2_sw_devops\software_last\software package\ntcm_app\build\mvs\ntcm_mvs\ntcm_g_check\x64\release\run_ntcm_main.obj
c:\users\zurnmar\documents\2_sw_devops\software_last\software package\ntcm_app\build\mvs\ntcm_mvs\ntcm_g_check\x64\release\rt_roundd.obj
c:\users\zurnmar\documents\2_sw_devops\software_last\software package\ntcm_app\build\mvs\ntcm_mvs\ntcm_g_check\x64\release\ntcm_g.obj
c:\users\zurnmar\documents\2_sw_devops\software_last\software package\ntcm_app\build\mvs\ntcm_mvs\ntcm_g_check\x64\release\set_ntcm_g.obj
c:\users\zurnmar\documents\2_sw_devops\software_last\software package\ntcm_app\build\mvs\ntcm_mvs\ntcm_g_check\x64\release\readwrite.obj
c:\users\zurnmar\documents\2_sw_devops\software_last\software package\ntcm_app\build\mvs\ntcm_mvs\x64\release\ntcm_g_check.exe
c:\users\zurnmar\documents\2_sw_devops\software_last\software package\ntcm_app\build\mvs\ntcm_mvs\ntcm_g_check\x64\release\ntcm_g_check.ipdb
c:\users\zurnmar\documents\2_sw_devops\software_last\software package\ntcm_app\build\mvs\ntcm_mvs\x64\release\ntcm_g_check.pdb
c:\users\zurnmar\documents\2_sw_devops\software_last\software package\ntcm_app\build\mvs\ntcm_mvs\ntcm_g_check\x64\release\ntcm_g_check.iobj
c:\users\zurnmar\documents\2_sw_devops\software_last\software_pkg_12_09_release_test\ntcm_app\build\mvs\ntcm_mvs\ntcm_g_check\x64\release\ntcm_g.obj
c:\users\zurnmar\documents\2_sw_devops\software_last\software_pkg_12_09_release_test\ntcm_app\build\mvs\ntcm_mvs\ntcm_g_check\x64\release\readwrite.obj
c:\users\zurnmar\documents\2_sw_devops\software_last\software_pkg_12_09_release_test\ntcm_app\build\mvs\ntcm_mvs\ntcm_g_check\x64\release\rt_roundd.obj
c:\users\zurnmar\documents\2_sw_devops\software_last\software_pkg_12_09_release_test\ntcm_app\build\mvs\ntcm_mvs\ntcm_g_check\x64\release\run_ntcm_main.obj
c:\users\zurnmar\documents\2_sw_devops\software_last\software_pkg_12_09_release_test\ntcm_app\build\mvs\ntcm_mvs\ntcm_g_check\x64\release\set_ntcm_g.obj
c:\users\zurnmar\documents\2_sw_devops\software_last\software_pkg_12_09_release_test\ntcm_app\build\mvs\ntcm_mvs\ntcm_g_check\x64\release\ntcm_g_check.ipdb
c:\users\zurnmar\documents\2_sw_devops\software_last\software_pkg_12_09_release_test\ntcm_app\build\mvs\ntcm_mvs\ntcm_g_check\x64\release\ntcm_g_check.iobj
c:\users\zurnmar\documents\2_sw_devops\software_last\software_pkg_12_09_release_test\ntcm_app\build\mvs\ntcm_mvs\ntcm_g_check\x64\release\vc143.pdb
c:\users\zurnmar\documents\2_sw_devops\software_last\software_pkg_12_09_release_test\ntcm_app\build\mvs\ntcm_mvs\x64\release\ntcm_g_check.exe
c:\users\zurnmar\documents\2_sw_devops\software_last\software_pkg_12_09_release_test\ntcm_app\build\mvs\ntcm_mvs\ntcm_g_check\x64\release\ntcm_g_check.tlog\cl.command.1.tlog
c:\users\zurnmar\documents\2_sw_devops\software_last\software_pkg_12_09_release_test\ntcm_app\build\mvs\ntcm_mvs\ntcm_g_check\x64\release\ntcm_g_check.tlog\cl.read.1.tlog
c:\users\zurnmar\documents\2_sw_devops\software_last\software_pkg_12_09_release_test\ntcm_app\build\mvs\ntcm_mvs\ntcm_g_check\x64\release\ntcm_g_check.tlog\cl.write.1.tlog
c:\users\zurnmar\documents\2_sw_devops\software_last\software_pkg_12_09_release_test\ntcm_app\build\mvs\ntcm_mvs\ntcm_g_check\x64\release\ntcm_g_check.tlog\link.command.1.tlog
c:\users\zurnmar\documents\2_sw_devops\software_last\software_pkg_12_09_release_test\ntcm_app\build\mvs\ntcm_mvs\ntcm_g_check\x64\release\ntcm_g_check.tlog\link.read.1.tlog
c:\users\zurnmar\documents\2_sw_devops\software_last\software_pkg_12_09_release_test\ntcm_app\build\mvs\ntcm_mvs\ntcm_g_check\x64\release\ntcm_g_check.tlog\link.write.1.tlog
