c:\users\zurnmar\documents\2_sw_devops\prova+21042022\ntcm_app\build\mvs\ntcm_mvs\run_ntcm\x64\debug\vc143.pdb
c:\users\zurnmar\documents\2_sw_devops\prova+21042022\ntcm_app\build\mvs\ntcm_mvs\run_ntcm\x64\debug\vc143.idb
c:\users\zurnmar\documents\2_sw_devops\prova+21042022\ntcm_app\build\mvs\ntcm_mvs\run_ntcm\x64\debug\run_ntcm_main.obj
c:\users\zurnmar\documents\2_sw_devops\prova+21042022\ntcm_app\build\mvs\ntcm_mvs\run_ntcm\x64\debug\rt_roundd.obj
c:\users\zurnmar\documents\2_sw_devops\prova+21042022\ntcm_app\build\mvs\ntcm_mvs\run_ntcm\x64\debug\ntcm_procedure_core.obj
c:\users\zurnmar\documents\2_sw_devops\prova+21042022\ntcm_app\build\mvs\ntcm_mvs\run_ntcm\x64\debug\ntcm_procedure.obj
c:\users\zurnmar\documents\2_sw_devops\prova+21042022\ntcm_app\build\mvs\ntcm_mvs\run_ntcm\x64\debug\ntcm_g.obj
c:\users\zurnmar\documents\2_sw_devops\prova+21042022\ntcm_app\build\mvs\ntcm_mvs\run_ntcm\x64\debug\llh2xyz_sat.obj
c:\users\zurnmar\documents\2_sw_devops\prova+21042022\ntcm_app\build\mvs\ntcm_mvs\run_ntcm\x64\debug\llh2xyz_rec.obj
c:\users\zurnmar\documents\2_sw_devops\prova+21042022\ntcm_app\build\mvs\ntcm_mvs\run_ntcm\x64\debug\llh2xyz.obj
c:\users\zurnmar\documents\2_sw_devops\prova+21042022\ntcm_app\build\mvs\ntcm_mvs\run_ntcm\x64\debug\getionopiercepoint.obj
c:\users\zurnmar\documents\2_sw_devops\prova+21042022\ntcm_app\build\mvs\ntcm_mvs\run_ntcm\x64\debug\errormng.obj
c:\users\zurnmar\documents\2_sw_devops\prova+21042022\ntcm_app\build\mvs\ntcm_mvs\run_ntcm\x64\debug\elevetioncheck.obj
c:\users\zurnmar\documents\2_sw_devops\prova+21042022\ntcm_app\build\mvs\ntcm_mvs\run_ntcm\x64\debug\compute_stec.obj
c:\users\zurnmar\documents\2_sw_devops\prova+21042022\ntcm_app\build\mvs\ntcm_mvs\run_ntcm\x64\debug\compute_ionodelay.obj
c:\users\zurnmar\documents\2_sw_devops\prova+21042022\ntcm_app\build\mvs\ntcm_mvs\run_ntcm\x64\debug\computelocaltime.obj
c:\users\zurnmar\documents\2_sw_devops\prova+21042022\ntcm_app\build\mvs\ntcm_mvs\run_ntcm\x64\debug\computedoa.obj
c:\users\zurnmar\documents\2_sw_devops\prova+21042022\ntcm_app\build\mvs\ntcm_mvs\run_ntcm\x64\debug\chekinput.obj
c:\users\zurnmar\documents\2_sw_devops\prova+21042022\ntcm_app\build\mvs\ntcm_mvs\run_ntcm\x64\debug\checkoutput.obj
c:\users\zurnmar\documents\2_sw_devops\prova+21042022\ntcm_app\build\mvs\ntcm_mvs\run_ntcm\x64\debug\check.obj
c:\users\zurnmar\documents\2_sw_devops\prova+21042022\ntcm_app\build\mvs\ntcm_mvs\run_ntcm\x64\debug\readwrite.obj
c:\users\zurnmar\documents\2_sw_devops\prova+21042022\ntcm_app\build\mvs\ntcm_mvs\run_ntcm\x64\debug\run_ntcm.ilk
c:\users\zurnmar\documents\2_sw_devops\prova+21042022\ntcm_app\build\mvs\ntcm_mvs\x64\debug\run_ntcm.exe
c:\users\zurnmar\documents\2_sw_devops\prova+21042022\ntcm_app\build\mvs\ntcm_mvs\x64\debug\run_ntcm.pdb
c:\users\zurnmar\documents\2_sw_devops\provafinalentcm\software_package\software_package\ntcm_app\build\mvs\ntcm_mvs\run_ntcm\x64\debug\check.obj
c:\users\zurnmar\documents\2_sw_devops\provafinalentcm\software_package\software_package\ntcm_app\build\mvs\ntcm_mvs\run_ntcm\x64\debug\checkoutput.obj
c:\users\zurnmar\documents\2_sw_devops\provafinalentcm\software_package\software_package\ntcm_app\build\mvs\ntcm_mvs\run_ntcm\x64\debug\chekinput.obj
c:\users\zurnmar\documents\2_sw_devops\provafinalentcm\software_package\software_package\ntcm_app\build\mvs\ntcm_mvs\run_ntcm\x64\debug\computedoa.obj
c:\users\zurnmar\documents\2_sw_devops\provafinalentcm\software_package\software_package\ntcm_app\build\mvs\ntcm_mvs\run_ntcm\x64\debug\computelocaltime.obj
c:\users\zurnmar\documents\2_sw_devops\provafinalentcm\software_package\software_package\ntcm_app\build\mvs\ntcm_mvs\run_ntcm\x64\debug\compute_ionodelay.obj
c:\users\zurnmar\documents\2_sw_devops\provafinalentcm\software_package\software_package\ntcm_app\build\mvs\ntcm_mvs\run_ntcm\x64\debug\compute_stec.obj
c:\users\zurnmar\documents\2_sw_devops\provafinalentcm\software_package\software_package\ntcm_app\build\mvs\ntcm_mvs\run_ntcm\x64\debug\elevetioncheck.obj
c:\users\zurnmar\documents\2_sw_devops\provafinalentcm\software_package\software_package\ntcm_app\build\mvs\ntcm_mvs\run_ntcm\x64\debug\errormng.obj
c:\users\zurnmar\documents\2_sw_devops\provafinalentcm\software_package\software_package\ntcm_app\build\mvs\ntcm_mvs\run_ntcm\x64\debug\getionopiercepoint.obj
c:\users\zurnmar\documents\2_sw_devops\provafinalentcm\software_package\software_package\ntcm_app\build\mvs\ntcm_mvs\run_ntcm\x64\debug\llh2xyz.obj
c:\users\zurnmar\documents\2_sw_devops\provafinalentcm\software_package\software_package\ntcm_app\build\mvs\ntcm_mvs\run_ntcm\x64\debug\llh2xyz_rec.obj
c:\users\zurnmar\documents\2_sw_devops\provafinalentcm\software_package\software_package\ntcm_app\build\mvs\ntcm_mvs\run_ntcm\x64\debug\llh2xyz_sat.obj
c:\users\zurnmar\documents\2_sw_devops\provafinalentcm\software_package\software_package\ntcm_app\build\mvs\ntcm_mvs\run_ntcm\x64\debug\ntcm_g.obj
c:\users\zurnmar\documents\2_sw_devops\provafinalentcm\software_package\software_package\ntcm_app\build\mvs\ntcm_mvs\run_ntcm\x64\debug\ntcm_procedure.obj
c:\users\zurnmar\documents\2_sw_devops\provafinalentcm\software_package\software_package\ntcm_app\build\mvs\ntcm_mvs\run_ntcm\x64\debug\ntcm_procedure_core.obj
c:\users\zurnmar\documents\2_sw_devops\provafinalentcm\software_package\software_package\ntcm_app\build\mvs\ntcm_mvs\run_ntcm\x64\debug\readwrite.obj
c:\users\zurnmar\documents\2_sw_devops\provafinalentcm\software_package\software_package\ntcm_app\build\mvs\ntcm_mvs\run_ntcm\x64\debug\rt_roundd.obj
c:\users\zurnmar\documents\2_sw_devops\provafinalentcm\software_package\software_package\ntcm_app\build\mvs\ntcm_mvs\run_ntcm\x64\debug\run_ntcm_main.obj
c:\users\zurnmar\documents\2_sw_devops\provafinalentcm\software_package\software_package\ntcm_app\build\mvs\ntcm_mvs\run_ntcm\x64\debug\run_ntcm.ilk
c:\users\zurnmar\documents\2_sw_devops\provafinalentcm\software_package\software_package\ntcm_app\build\mvs\ntcm_mvs\run_ntcm\x64\debug\vc143.idb
c:\users\zurnmar\documents\2_sw_devops\provafinalentcm\software_package\software_package\ntcm_app\build\mvs\ntcm_mvs\run_ntcm\x64\debug\vc143.pdb
c:\users\zurnmar\documents\2_sw_devops\provafinalentcm\software_package\software_package\ntcm_app\build\mvs\ntcm_mvs\x64\debug\run_ntcm.pdb
c:\users\zurnmar\documents\2_sw_devops\provafinalentcm\software_package\software_package\ntcm_app\build\mvs\ntcm_mvs\x64\debug\run_ntcm.exe
c:\users\zurnmar\documents\2_sw_devops\provafinalentcm\software_package\software_package\ntcm_app\build\mvs\ntcm_mvs\run_ntcm\x64\debug\run_ntcm.tlog\cl.command.1.tlog
c:\users\zurnmar\documents\2_sw_devops\provafinalentcm\software_package\software_package\ntcm_app\build\mvs\ntcm_mvs\run_ntcm\x64\debug\run_ntcm.tlog\cl.read.1.tlog
c:\users\zurnmar\documents\2_sw_devops\provafinalentcm\software_package\software_package\ntcm_app\build\mvs\ntcm_mvs\run_ntcm\x64\debug\run_ntcm.tlog\cl.write.1.tlog
c:\users\zurnmar\documents\2_sw_devops\provafinalentcm\software_package\software_package\ntcm_app\build\mvs\ntcm_mvs\run_ntcm\x64\debug\run_ntcm.tlog\link.command.1.tlog
c:\users\zurnmar\documents\2_sw_devops\provafinalentcm\software_package\software_package\ntcm_app\build\mvs\ntcm_mvs\run_ntcm\x64\debug\run_ntcm.tlog\link.read.1.tlog
c:\users\zurnmar\documents\2_sw_devops\provafinalentcm\software_package\software_package\ntcm_app\build\mvs\ntcm_mvs\run_ntcm\x64\debug\run_ntcm.tlog\link.write.1.tlog
